[2017-06-01 09:32:44] local.ERROR: PDOException: SQLSTATE[42000]: Syntax error or access violation: 1071 Specified key was too long; max key length is 767 bytes in /home/ubuntu/workspace/vendor/laravel/framework/src/Illuminate/Database/Connection.php:449
Stack trace:
#0 /home/ubuntu/workspace/vendor/laravel/framework/src/Illuminate/Database/Connection.php(449): PDOStatement->execute()
#1 /home/ubuntu/workspace/vendor/laravel/framework/src/Illuminate/Database/Connection.php(640): Illuminate\Database\Connection->Illuminate\Database\{closure}('alter table `us...', Array)
#2 /home/ubuntu/workspace/vendor/laravel/framework/src/Illuminate/Database/Connection.php(607): Illuminate\Database\Connection->runQueryCallback('alter table `us...', Array, Object(Closure))
#3 /home/ubuntu/workspace/vendor/laravel/framework/src/Illuminate/Database/Connection.php(450): Illuminate\Database\Connection->run('alter table `us...', Array, Object(Closure))
#4 /home/ubuntu/workspace/vendor/laravel/framework/src/Illuminate/Database/Schema/Blueprint.php(83): Illuminate\Database\Connection->statement('alter table `us...')
#5 /home/ubuntu/workspace/vendor/laravel/framework/src/Illuminate/Database/Schema/Builder.php(239): Illuminate\Database\Schema\Blueprint->build(Object(Illuminate\Database\MySqlConnection), Object(Illuminate\Database\Schema\Grammars\MySqlGrammar))
#6 /home/ubuntu/workspace/vendor/laravel/framework/src/Illuminate/Database/Schema/Builder.php(164): Illuminate\Database\Schema\Builder->build(Object(Illuminate\Database\Schema\Blueprint))
#7 /home/ubuntu/workspace/vendor/laravel/framework/src/Illuminate/Support/Facades/Facade.php(221): Illuminate\Database\Schema\Builder->create('users', Object(Closure))
#8 /home/ubuntu/workspace/database/migrations/2014_10_12_000000_create_users_table.php(24): Illuminate\Support\Facades\Facade::__callStatic('create', Array)
#9 /home/ubuntu/workspace/vendor/laravel/framework/src/Illuminate/Database/Migrations/Migrator.php(353): CreateUsersTable->up()
#10 /home/ubuntu/workspace/vendor/laravel/framework/src/Illuminate/Database/Migrations/Migrator.php(359): Illuminate\Database\Migrations\Migrator->Illuminate\Database\Migrations\{closure}()
#11 /home/ubuntu/workspace/vendor/laravel/framework/src/Illuminate/Database/Migrations/Migrator.php(177): Illuminate\Database\Migrations\Migrator->runMigration(Object(CreateUsersTable), 'up')
#12 /home/ubuntu/workspace/vendor/laravel/framework/src/Illuminate/Database/Migrations/Migrator.php(146): Illuminate\Database\Migrations\Migrator->runUp('/home/ubuntu/wo...', 1, false)
#13 /home/ubuntu/workspace/vendor/laravel/framework/src/Illuminate/Database/Migrations/Migrator.php(95): Illuminate\Database\Migrations\Migrator->runPending(Array, Array)
#14 /home/ubuntu/workspace/vendor/laravel/framework/src/Illuminate/Database/Console/Migrations/MigrateCommand.php(69): Illuminate\Database\Migrations\Migrator->run(Array, Array)
#15 [internal function]: Illuminate\Database\Console\Migrations\MigrateCommand->fire()
#16 /home/ubuntu/workspace/vendor/laravel/framework/src/Illuminate/Container/BoundMethod.php(29): call_user_func_array(Array, Array)
#17 /home/ubuntu/workspace/vendor/laravel/framework/src/Illuminate/Container/BoundMethod.php(87): Illuminate\Container\BoundMethod::Illuminate\Container\{closure}()
#18 /home/ubuntu/workspace/vendor/laravel/framework/src/Illuminate/Container/BoundMethod.php(31): Illuminate\Container\BoundMethod::callBoundMethod(Object(Illuminate\Foundation\Application), Array, Object(Closure))
#19 /home/ubuntu/workspace/vendor/laravel/framework/src/Illuminate/Container/Container.php(539): Illuminate\Container\BoundMethod::call(Object(Illuminate\Foundation\Application), Array, Array, NULL)
#20 /home/ubuntu/workspace/vendor/laravel/framework/src/Illuminate/Console/Command.php(182): Illuminate\Container\Container->call(Array)
#21 /home/ubuntu/workspace/vendor/symfony/console/Command/Command.php(264): Illuminate\Console\Command->execute(Object(Symfony\Component\Console\Input\ArgvInput), Object(Illuminate\Console\OutputStyle))
#22 /home/ubuntu/workspace/vendor/laravel/framework/src/Illuminate/Console/Command.php(167): Symfony\Component\Console\Command\Command->run(Object(Symfony\Component\Console\Input\ArgvInput), Object(Illuminate\Console\OutputStyle))
#23 /home/ubuntu/workspace/vendor/symfony/console/Application.php(869): Illuminate\Console\Command->run(Object(Symfony\Component\Console\Input\ArgvInput), Object(Symfony\Component\Console\Output\ConsoleOutput))
#24 /home/ubuntu/workspace/vendor/symfony/console/Application.php(223): Symfony\Component\Console\Application->doRunCommand(Object(Illuminate\Database\Console\Migrations\MigrateCommand), Object(Symfony\Component\Console\Input\ArgvInput), Object(Symfony\Component\Console\Output\ConsoleOutput))
#25 /home/ubuntu/workspace/vendor/symfony/console/Application.php(130): Symfony\Component\Console\Application->doRun(Object(Symfony\Component\Console\Input\ArgvInput), Object(Symfony\Component\Console\Output\ConsoleOutput))
#26 /home/ubuntu/workspace/vendor/laravel/framework/src/Illuminate/Foundation/Console/Kernel.php(122): Symfony\Component\Console\Application->run(Object(Symfony\Component\Console\Input\ArgvInput), Object(Symfony\Component\Console\Output\ConsoleOutput))
#27 /home/ubuntu/workspace/artisan(35): Illuminate\Foundation\Console\Kernel->handle(Object(Symfony\Component\Console\Input\ArgvInput), Object(Symfony\Component\Console\Output\ConsoleOutput))
#28 {main}

Next Illuminate\Database\QueryException: SQLSTATE[42000]: Syntax error or access violation: 1071 Specified key was too long; max key length is 767 bytes (SQL: alter table `users` add unique `users_email_unique`(`email`)) in /home/ubuntu/workspace/vendor/laravel/framework/src/Illuminate/Database/Connection.php:647
Stack trace:
#0 /home/ubuntu/workspace/vendor/laravel/framework/src/Illuminate/Database/Connection.php(607): Illuminate\Database\Connection->runQueryCallback('alter table `us...', Array, Object(Closure))
#1 /home/ubuntu/workspace/vendor/laravel/framework/src/Illuminate/Database/Connection.php(450): Illuminate\Database\Connection->run('alter table `us...', Array, Object(Closure))
#2 /home/ubuntu/workspace/vendor/laravel/framework/src/Illuminate/Database/Schema/Blueprint.php(83): Illuminate\Database\Connection->statement('alter table `us...')
#3 /home/ubuntu/workspace/vendor/laravel/framework/src/Illuminate/Database/Schema/Builder.php(239): Illuminate\Database\Schema\Blueprint->build(Object(Illuminate\Database\MySqlConnection), Object(Illuminate\Database\Schema\Grammars\MySqlGrammar))
#4 /home/ubuntu/workspace/vendor/laravel/framework/src/Illuminate/Database/Schema/Builder.php(164): Illuminate\Database\Schema\Builder->build(Object(Illuminate\Database\Schema\Blueprint))
#5 /home/ubuntu/workspace/vendor/laravel/framework/src/Illuminate/Support/Facades/Facade.php(221): Illuminate\Database\Schema\Builder->create('users', Object(Closure))
#6 /home/ubuntu/workspace/database/migrations/2014_10_12_000000_create_users_table.php(24): Illuminate\Support\Facades\Facade::__callStatic('create', Array)
#7 /home/ubuntu/workspace/vendor/laravel/framework/src/Illuminate/Database/Migrations/Migrator.php(353): CreateUsersTable->up()
#8 /home/ubuntu/workspace/vendor/laravel/framework/src/Illuminate/Database/Migrations/Migrator.php(359): Illuminate\Database\Migrations\Migrator->Illuminate\Database\Migrations\{closure}()
#9 /home/ubuntu/workspace/vendor/laravel/framework/src/Illuminate/Database/Migrations/Migrator.php(177): Illuminate\Database\Migrations\Migrator->runMigration(Object(CreateUsersTable), 'up')
#10 /home/ubuntu/workspace/vendor/laravel/framework/src/Illuminate/Database/Migrations/Migrator.php(146): Illuminate\Database\Migrations\Migrator->runUp('/home/ubuntu/wo...', 1, false)
#11 /home/ubuntu/workspace/vendor/laravel/framework/src/Illuminate/Database/Migrations/Migrator.php(95): Illuminate\Database\Migrations\Migrator->runPending(Array, Array)
#12 /home/ubuntu/workspace/vendor/laravel/framework/src/Illuminate/Database/Console/Migrations/MigrateCommand.php(69): Illuminate\Database\Migrations\Migrator->run(Array, Array)
#13 [internal function]: Illuminate\Database\Console\Migrations\MigrateCommand->fire()
#14 /home/ubuntu/workspace/vendor/laravel/framework/src/Illuminate/Container/BoundMethod.php(29): call_user_func_array(Array, Array)
#15 /home/ubuntu/workspace/vendor/laravel/framework/src/Illuminate/Container/BoundMethod.php(87): Illuminate\Container\BoundMethod::Illuminate\Container\{closure}()
#16 /home/ubuntu/workspace/vendor/laravel/framework/src/Illuminate/Container/BoundMethod.php(31): Illuminate\Container\BoundMethod::callBoundMethod(Object(Illuminate\Foundation\Application), Array, Object(Closure))
#17 /home/ubuntu/workspace/vendor/laravel/framework/src/Illuminate/Container/Container.php(539): Illuminate\Container\BoundMethod::call(Object(Illuminate\Foundation\Application), Array, Array, NULL)
#18 /home/ubuntu/workspace/vendor/laravel/framework/src/Illuminate/Console/Command.php(182): Illuminate\Container\Container->call(Array)
#19 /home/ubuntu/workspace/vendor/symfony/console/Command/Command.php(264): Illuminate\Console\Command->execute(Object(Symfony\Component\Console\Input\ArgvInput), Object(Illuminate\Console\OutputStyle))
#20 /home/ubuntu/workspace/vendor/laravel/framework/src/Illuminate/Console/Command.php(167): Symfony\Component\Console\Command\Command->run(Object(Symfony\Component\Console\Input\ArgvInput), Object(Illuminate\Console\OutputStyle))
#21 /home/ubuntu/workspace/vendor/symfony/console/Application.php(869): Illuminate\Console\Command->run(Object(Symfony\Component\Console\Input\ArgvInput), Object(Symfony\Component\Console\Output\ConsoleOutput))
#22 /home/ubuntu/workspace/vendor/symfony/console/Application.php(223): Symfony\Component\Console\Application->doRunCommand(Object(Illuminate\Database\Console\Migrations\MigrateCommand), Object(Symfony\Component\Console\Input\ArgvInput), Object(Symfony\Component\Console\Output\ConsoleOutput))
#23 /home/ubuntu/workspace/vendor/symfony/console/Application.php(130): Symfony\Component\Console\Application->doRun(Object(Symfony\Component\Console\Input\ArgvInput), Object(Symfony\Component\Console\Output\ConsoleOutput))
#24 /home/ubuntu/workspace/vendor/laravel/framework/src/Illuminate/Foundation/Console/Kernel.php(122): Symfony\Component\Console\Application->run(Object(Symfony\Component\Console\Input\ArgvInput), Object(Symfony\Component\Console\Output\ConsoleOutput))
#25 /home/ubuntu/workspace/artisan(35): Illuminate\Foundation\Console\Kernel->handle(Object(Symfony\Component\Console\Input\ArgvInput), Object(Symfony\Component\Console\Output\ConsoleOutput))
#26 {main}  
[2017-06-01 09:33:44] local.ERROR: PDOException: SQLSTATE[42S01]: Base table or view already exists: 1050 Table 'users' already exists in /home/ubuntu/workspace/vendor/laravel/framework/src/Illuminate/Database/Connection.php:449
Stack trace:
#0 /home/ubuntu/workspace/vendor/laravel/framework/src/Illuminate/Database/Connection.php(449): PDOStatement->execute()
#1 /home/ubuntu/workspace/vendor/laravel/framework/src/Illuminate/Database/Connection.php(640): Illuminate\Database\Connection->Illuminate\Database\{closure}('create table `u...', Array)
#2 /home/ubuntu/workspace/vendor/laravel/framework/src/Illuminate/Database/Connection.php(607): Illuminate\Database\Connection->runQueryCallback('create table `u...', Array, Object(Closure))
#3 /home/ubuntu/workspace/vendor/laravel/framework/src/Illuminate/Database/Connection.php(450): Illuminate\Database\Connection->run('create table `u...', Array, Object(Closure))
#4 /home/ubuntu/workspace/vendor/laravel/framework/src/Illuminate/Database/Schema/Blueprint.php(83): Illuminate\Database\Connection->statement('create table `u...')
#5 /home/ubuntu/workspace/vendor/laravel/framework/src/Illuminate/Database/Schema/Builder.php(239): Illuminate\Database\Schema\Blueprint->build(Object(Illuminate\Database\MySqlConnection), Object(Illuminate\Database\Schema\Grammars\MySqlGrammar))
#6 /home/ubuntu/workspace/vendor/laravel/framework/src/Illuminate/Database/Schema/Builder.php(164): Illuminate\Database\Schema\Builder->build(Object(Illuminate\Database\Schema\Blueprint))
#7 /home/ubuntu/workspace/vendor/laravel/framework/src/Illuminate/Support/Facades/Facade.php(221): Illuminate\Database\Schema\Builder->create('users', Object(Closure))
#8 /home/ubuntu/workspace/database/migrations/2014_10_12_000000_create_users_table.php(24): Illuminate\Support\Facades\Facade::__callStatic('create', Array)
#9 /home/ubuntu/workspace/vendor/laravel/framework/src/Illuminate/Database/Migrations/Migrator.php(353): CreateUsersTable->up()
#10 /home/ubuntu/workspace/vendor/laravel/framework/src/Illuminate/Database/Migrations/Migrator.php(359): Illuminate\Database\Migrations\Migrator->Illuminate\Database\Migrations\{closure}()
#11 /home/ubuntu/workspace/vendor/laravel/framework/src/Illuminate/Database/Migrations/Migrator.php(177): Illuminate\Database\Migrations\Migrator->runMigration(Object(CreateUsersTable), 'up')
#12 /home/ubuntu/workspace/vendor/laravel/framework/src/Illuminate/Database/Migrations/Migrator.php(146): Illuminate\Database\Migrations\Migrator->runUp('/home/ubuntu/wo...', 1, false)
#13 /home/ubuntu/workspace/vendor/laravel/framework/src/Illuminate/Database/Migrations/Migrator.php(95): Illuminate\Database\Migrations\Migrator->runPending(Array, Array)
#14 /home/ubuntu/workspace/vendor/laravel/framework/src/Illuminate/Database/Console/Migrations/MigrateCommand.php(69): Illuminate\Database\Migrations\Migrator->run(Array, Array)
#15 [internal function]: Illuminate\Database\Console\Migrations\MigrateCommand->fire()
#16 /home/ubuntu/workspace/vendor/laravel/framework/src/Illuminate/Container/BoundMethod.php(29): call_user_func_array(Array, Array)
#17 /home/ubuntu/workspace/vendor/laravel/framework/src/Illuminate/Container/BoundMethod.php(87): Illuminate\Container\BoundMethod::Illuminate\Container\{closure}()
#18 /home/ubuntu/workspace/vendor/laravel/framework/src/Illuminate/Container/BoundMethod.php(31): Illuminate\Container\BoundMethod::callBoundMethod(Object(Illuminate\Foundation\Application), Array, Object(Closure))
#19 /home/ubuntu/workspace/vendor/laravel/framework/src/Illuminate/Container/Container.php(539): Illuminate\Container\BoundMethod::call(Object(Illuminate\Foundation\Application), Array, Array, NULL)
#20 /home/ubuntu/workspace/vendor/laravel/framework/src/Illuminate/Console/Command.php(182): Illuminate\Container\Container->call(Array)
#21 /home/ubuntu/workspace/vendor/symfony/console/Command/Command.php(264): Illuminate\Console\Command->execute(Object(Symfony\Component\Console\Input\ArgvInput), Object(Illuminate\Console\OutputStyle))
#22 /home/ubuntu/workspace/vendor/laravel/framework/src/Illuminate/Console/Command.php(167): Symfony\Component\Console\Command\Command->run(Object(Symfony\Component\Console\Input\ArgvInput), Object(Illuminate\Console\OutputStyle))
#23 /home/ubuntu/workspace/vendor/symfony/console/Application.php(869): Illuminate\Console\Command->run(Object(Symfony\Component\Console\Input\ArgvInput), Object(Symfony\Component\Console\Output\ConsoleOutput))
#24 /home/ubuntu/workspace/vendor/symfony/console/Application.php(223): Symfony\Component\Console\Application->doRunCommand(Object(Illuminate\Database\Console\Migrations\MigrateCommand), Object(Symfony\Component\Console\Input\ArgvInput), Object(Symfony\Component\Console\Output\ConsoleOutput))
#25 /home/ubuntu/workspace/vendor/symfony/console/Application.php(130): Symfony\Component\Console\Application->doRun(Object(Symfony\Component\Console\Input\ArgvInput), Object(Symfony\Component\Console\Output\ConsoleOutput))
#26 /home/ubuntu/workspace/vendor/laravel/framework/src/Illuminate/Foundation/Console/Kernel.php(122): Symfony\Component\Console\Application->run(Object(Symfony\Component\Console\Input\ArgvInput), Object(Symfony\Component\Console\Output\ConsoleOutput))
#27 /home/ubuntu/workspace/artisan(35): Illuminate\Foundation\Console\Kernel->handle(Object(Symfony\Component\Console\Input\ArgvInput), Object(Symfony\Component\Console\Output\ConsoleOutput))
#28 {main}

Next Illuminate\Database\QueryException: SQLSTATE[42S01]: Base table or view already exists: 1050 Table 'users' already exists (SQL: create table `users` (`id` int unsigned not null auto_increment primary key, `user_name` varchar(15) not null, `name` varchar(255) not null, `email` varchar(255) not null, `password` varchar(255) not null, `type` enum('member', 'admin') not null default 'member', `remember_token` varchar(100) null, `created_at` timestamp null, `updated_at` timestamp null) default character set utf8mb4 collate utf8mb4_unicode_ci) in /home/ubuntu/workspace/vendor/laravel/framework/src/Illuminate/Database/Connection.php:647
Stack trace:
#0 /home/ubuntu/workspace/vendor/laravel/framework/src/Illuminate/Database/Connection.php(607): Illuminate\Database\Connection->runQueryCallback('create table `u...', Array, Object(Closure))
#1 /home/ubuntu/workspace/vendor/laravel/framework/src/Illuminate/Database/Connection.php(450): Illuminate\Database\Connection->run('create table `u...', Array, Object(Closure))
#2 /home/ubuntu/workspace/vendor/laravel/framework/src/Illuminate/Database/Schema/Blueprint.php(83): Illuminate\Database\Connection->statement('create table `u...')
#3 /home/ubuntu/workspace/vendor/laravel/framework/src/Illuminate/Database/Schema/Builder.php(239): Illuminate\Database\Schema\Blueprint->build(Object(Illuminate\Database\MySqlConnection), Object(Illuminate\Database\Schema\Grammars\MySqlGrammar))
#4 /home/ubuntu/workspace/vendor/laravel/framework/src/Illuminate/Database/Schema/Builder.php(164): Illuminate\Database\Schema\Builder->build(Object(Illuminate\Database\Schema\Blueprint))
#5 /home/ubuntu/workspace/vendor/laravel/framework/src/Illuminate/Support/Facades/Facade.php(221): Illuminate\Database\Schema\Builder->create('users', Object(Closure))
#6 /home/ubuntu/workspace/database/migrations/2014_10_12_000000_create_users_table.php(24): Illuminate\Support\Facades\Facade::__callStatic('create', Array)
#7 /home/ubuntu/workspace/vendor/laravel/framework/src/Illuminate/Database/Migrations/Migrator.php(353): CreateUsersTable->up()
#8 /home/ubuntu/workspace/vendor/laravel/framework/src/Illuminate/Database/Migrations/Migrator.php(359): Illuminate\Database\Migrations\Migrator->Illuminate\Database\Migrations\{closure}()
#9 /home/ubuntu/workspace/vendor/laravel/framework/src/Illuminate/Database/Migrations/Migrator.php(177): Illuminate\Database\Migrations\Migrator->runMigration(Object(CreateUsersTable), 'up')
#10 /home/ubuntu/workspace/vendor/laravel/framework/src/Illuminate/Database/Migrations/Migrator.php(146): Illuminate\Database\Migrations\Migrator->runUp('/home/ubuntu/wo...', 1, false)
#11 /home/ubuntu/workspace/vendor/laravel/framework/src/Illuminate/Database/Migrations/Migrator.php(95): Illuminate\Database\Migrations\Migrator->runPending(Array, Array)
#12 /home/ubuntu/workspace/vendor/laravel/framework/src/Illuminate/Database/Console/Migrations/MigrateCommand.php(69): Illuminate\Database\Migrations\Migrator->run(Array, Array)
#13 [internal function]: Illuminate\Database\Console\Migrations\MigrateCommand->fire()
#14 /home/ubuntu/workspace/vendor/laravel/framework/src/Illuminate/Container/BoundMethod.php(29): call_user_func_array(Array, Array)
#15 /home/ubuntu/workspace/vendor/laravel/framework/src/Illuminate/Container/BoundMethod.php(87): Illuminate\Container\BoundMethod::Illuminate\Container\{closure}()
#16 /home/ubuntu/workspace/vendor/laravel/framework/src/Illuminate/Container/BoundMethod.php(31): Illuminate\Container\BoundMethod::callBoundMethod(Object(Illuminate\Foundation\Application), Array, Object(Closure))
#17 /home/ubuntu/workspace/vendor/laravel/framework/src/Illuminate/Container/Container.php(539): Illuminate\Container\BoundMethod::call(Object(Illuminate\Foundation\Application), Array, Array, NULL)
#18 /home/ubuntu/workspace/vendor/laravel/framework/src/Illuminate/Console/Command.php(182): Illuminate\Container\Container->call(Array)
#19 /home/ubuntu/workspace/vendor/symfony/console/Command/Command.php(264): Illuminate\Console\Command->execute(Object(Symfony\Component\Console\Input\ArgvInput), Object(Illuminate\Console\OutputStyle))
#20 /home/ubuntu/workspace/vendor/laravel/framework/src/Illuminate/Console/Command.php(167): Symfony\Component\Console\Command\Command->run(Object(Symfony\Component\Console\Input\ArgvInput), Object(Illuminate\Console\OutputStyle))
#21 /home/ubuntu/workspace/vendor/symfony/console/Application.php(869): Illuminate\Console\Command->run(Object(Symfony\Component\Console\Input\ArgvInput), Object(Symfony\Component\Console\Output\ConsoleOutput))
#22 /home/ubuntu/workspace/vendor/symfony/console/Application.php(223): Symfony\Component\Console\Application->doRunCommand(Object(Illuminate\Database\Console\Migrations\MigrateCommand), Object(Symfony\Component\Console\Input\ArgvInput), Object(Symfony\Component\Console\Output\ConsoleOutput))
#23 /home/ubuntu/workspace/vendor/symfony/console/Application.php(130): Symfony\Component\Console\Application->doRun(Object(Symfony\Component\Console\Input\ArgvInput), Object(Symfony\Component\Console\Output\ConsoleOutput))
#24 /home/ubuntu/workspace/vendor/laravel/framework/src/Illuminate/Foundation/Console/Kernel.php(122): Symfony\Component\Console\Application->run(Object(Symfony\Component\Console\Input\ArgvInput), Object(Symfony\Component\Console\Output\ConsoleOutput))
#25 /home/ubuntu/workspace/artisan(35): Illuminate\Foundation\Console\Kernel->handle(Object(Symfony\Component\Console\Input\ArgvInput), Object(Symfony\Component\Console\Output\ConsoleOutput))
#26 {main}  
